<?xml version="1.0" encoding="UTF-8"?>
<!-- Generated by org.testng.reporters.JUnitReportReporter -->
<testsuite hostname="DESKTOP-5JEQ8JD" failures="0" tests="1" name="com.jbk.mh.scripts.CCJobsDetailsPageTest" time="33.271" errors="0" timestamp="23 Jul 2022 14:09:10 GMT">
  <testcase classname="com.jbk.mh.scripts.CCJobsDetailsPageTest" name="validateJobDetailsPageTest" time="33.271"/>
</testsuite> <!-- com.jbk.mh.scripts.CCJobsDetailsPageTest -->
