<?xml version="1.0" encoding="UTF-8"?>
<!-- Generated by org.testng.reporters.JUnitReportReporter -->
<testsuite hostname="DESKTOP-5JEQ8JD" failures="0" tests="1" name="com.jbk.mh.scripts.CCJobsDetailsPageTest" time="21.729" errors="0" timestamp="25 Jul 2022 12:19:26 GMT">
  <testcase classname="com.jbk.mh.scripts.CCJobsDetailsPageTest" name="validateJobDetailsPageTest" time="21.729"/>
</testsuite> <!-- com.jbk.mh.scripts.CCJobsDetailsPageTest -->
